Vivado Simulator 2020.1
Copyright 1986-1999, 2001-2020 Xilinx, Inc. All Rights Reserved.
Running: C:/Xilinx/Vivado/Vivado/2020.1/bin/unwrapped/win64.o/xelab.exe -wto aa36b3855aa647a8bfd192ab5f7ac0c8 --incr --debug typical --relax --mt 2 -L xil_defaultlib -L secureip --snapshot main_behav xil_defaultlib.main -log elaborate.log 
Using 2 slave threads.
Starting static elaboration
Completed static elaboration
Starting simulation data flow analysis
Completed simulation data flow analysis
Time Resolution for simulation is 1ps
Compiling package std.standard
Compiling package std.textio
Compiling package ieee.std_logic_1164
Compiling package ieee.numeric_std
Compiling package ieee.std_logic_arith
Compiling package ieee.std_logic_unsigned
Compiling architecture behavioral of entity xil_defaultlib.DIV_1HZ [div_1hz_default]
Compiling architecture behavioral of entity xil_defaultlib.DIV_VD [div_vd_default]
Compiling architecture contador0a9 of entity xil_defaultlib.contador0a9 [contador0a9_default]
Compiling architecture behavioral of entity xil_defaultlib.CONT_2DIG [cont_2dig_default]
Compiling architecture behavioral of entity xil_defaultlib.global [global_default]
Compiling architecture behavioral of entity xil_defaultlib.potencia [potencia_default]
Compiling architecture arch_mux42 of entity xil_defaultlib.mux4a2 [mux4a2_default]
Compiling architecture behavioral of entity xil_defaultlib.VIS_DIN_4DIG [vis_din_4dig_default]
Compiling architecture behavioral of entity xil_defaultlib.main
Built simulation snapshot main_behav
